<?xml version="1.0" encoding="UTF-8"?>
<testng-results ignored="0" total="6" passed="6" failed="0" skipped="0">
  <reporter-output>
  </reporter-output>
  <suite started-at="2022-05-31T14:48:04 PDT" name="SalesforceProject" finished-at="2022-05-31T14:49:49 PDT" duration-ms="105446">
    <groups>
    </groups>
    <test started-at="2022-05-31T14:48:04 PDT" name="LoginTestOnEdge" finished-at="2022-05-31T14:49:49 PDT" duration-ms="105446">
      <class name="com.salesforce.tests.login.LoginTestScripts">
        <test-method is-config="true" signature="initialTestSetup()[pri:0, instance:com.salesforce.tests.login.LoginTestScripts@6e171cd7]" started-at="2022-05-31T14:48:04 PDT" name="initialTestSetup" finished-at="2022-05-31T14:48:04 PDT" duration-ms="10" status="PASS">
          <reporter-output>
          </reporter-output>
        </test-method> <!-- initialTestSetup -->
        <test-method is-config="true" signature="setUp(java.lang.String)[pri:0, instance:com.salesforce.tests.login.LoginTestScripts@6e171cd7]" started-at="2022-05-31T14:48:04 PDT" name="setUp" finished-at="2022-05-31T14:48:12 PDT" duration-ms="7925" status="PASS">
          <params>
            <param index="0">
              <value>
                <![CDATA[edge]]>
              </value>
            </param>
          </params>
          <reporter-output>
          </reporter-output>
        </test-method> <!-- setUp -->
        <test-method signature="TC01_testnoPasswordError()[pri:0, instance:com.salesforce.tests.login.LoginTestScripts@6e171cd7]" started-at="2022-05-31T14:48:12 PDT" name="TC01_testnoPasswordError" finished-at="2022-05-31T14:48:15 PDT" duration-ms="3336" status="PASS">
          <reporter-output>
          </reporter-output>
        </test-method> <!-- TC01_testnoPasswordError -->
        <test-method is-config="true" signature="tearDown()[pri:0, instance:com.salesforce.tests.login.LoginTestScripts@6e171cd7]" started-at="2022-05-31T14:48:15 PDT" name="tearDown" finished-at="2022-05-31T14:48:21 PDT" duration-ms="5432" status="PASS">
          <reporter-output>
          </reporter-output>
        </test-method> <!-- tearDown -->
        <test-method is-config="true" signature="setUp(java.lang.String)[pri:0, instance:com.salesforce.tests.login.LoginTestScripts@6e171cd7]" started-at="2022-05-31T14:48:21 PDT" name="setUp" finished-at="2022-05-31T14:48:23 PDT" duration-ms="2711" status="PASS">
          <params>
            <param index="0">
              <value>
                <![CDATA[edge]]>
              </value>
            </param>
          </params>
          <reporter-output>
          </reporter-output>
        </test-method> <!-- setUp -->
        <test-method signature="TC02_validLogin()[pri:1, instance:com.salesforce.tests.login.LoginTestScripts@6e171cd7]" started-at="2022-05-31T14:48:23 PDT" name="TC02_validLogin" finished-at="2022-05-31T14:48:37 PDT" duration-ms="13678" status="PASS">
          <reporter-output>
          </reporter-output>
        </test-method> <!-- TC02_validLogin -->
        <test-method is-config="true" signature="tearDown()[pri:0, instance:com.salesforce.tests.login.LoginTestScripts@6e171cd7]" started-at="2022-05-31T14:48:37 PDT" name="tearDown" finished-at="2022-05-31T14:48:42 PDT" duration-ms="5427" status="PASS">
          <reporter-output>
          </reporter-output>
        </test-method> <!-- tearDown -->
        <test-method is-config="true" signature="setUp(java.lang.String)[pri:0, instance:com.salesforce.tests.login.LoginTestScripts@6e171cd7]" started-at="2022-05-31T14:48:42 PDT" name="setUp" finished-at="2022-05-31T14:48:46 PDT" duration-ms="3517" status="PASS">
          <params>
            <param index="0">
              <value>
                <![CDATA[edge]]>
              </value>
            </param>
          </params>
          <reporter-output>
          </reporter-output>
        </test-method> <!-- setUp -->
        <test-method signature="TC03_checkRememberMe()[pri:2, instance:com.salesforce.tests.login.LoginTestScripts@6e171cd7]" started-at="2022-05-31T14:48:46 PDT" name="TC03_checkRememberMe" finished-at="2022-05-31T14:49:00 PDT" duration-ms="13774" status="PASS">
          <reporter-output>
          </reporter-output>
        </test-method> <!-- TC03_checkRememberMe -->
        <test-method is-config="true" signature="tearDown()[pri:0, instance:com.salesforce.tests.login.LoginTestScripts@6e171cd7]" started-at="2022-05-31T14:49:00 PDT" name="tearDown" finished-at="2022-05-31T14:49:05 PDT" duration-ms="5511" status="PASS">
          <reporter-output>
          </reporter-output>
        </test-method> <!-- tearDown -->
        <test-method is-config="true" signature="setUp(java.lang.String)[pri:0, instance:com.salesforce.tests.login.LoginTestScripts@6e171cd7]" started-at="2022-05-31T14:49:05 PDT" name="setUp" finished-at="2022-05-31T14:49:08 PDT" duration-ms="2987" status="PASS">
          <params>
            <param index="0">
              <value>
                <![CDATA[edge]]>
              </value>
            </param>
          </params>
          <reporter-output>
          </reporter-output>
        </test-method> <!-- setUp -->
        <test-method signature="TC04A_forgotPasswordLink()[pri:3, instance:com.salesforce.tests.login.LoginTestScripts@6e171cd7]" started-at="2022-05-31T14:49:08 PDT" name="TC04A_forgotPasswordLink" finished-at="2022-05-31T14:49:11 PDT" duration-ms="2875" status="PASS">
          <reporter-output>
          </reporter-output>
        </test-method> <!-- TC04A_forgotPasswordLink -->
        <test-method is-config="true" signature="tearDown()[pri:0, instance:com.salesforce.tests.login.LoginTestScripts@6e171cd7]" started-at="2022-05-31T14:49:11 PDT" name="tearDown" finished-at="2022-05-31T14:49:17 PDT" duration-ms="5421" status="PASS">
          <reporter-output>
          </reporter-output>
        </test-method> <!-- tearDown -->
        <test-method is-config="true" signature="setUp(java.lang.String)[pri:0, instance:com.salesforce.tests.login.LoginTestScripts@6e171cd7]" started-at="2022-05-31T14:49:17 PDT" name="setUp" finished-at="2022-05-31T14:49:19 PDT" duration-ms="2649" status="PASS">
          <params>
            <param index="0">
              <value>
                <![CDATA[edge]]>
              </value>
            </param>
          </params>
          <reporter-output>
          </reporter-output>
        </test-method> <!-- setUp -->
        <test-method signature="TC04B_loginFailedError()[pri:4, instance:com.salesforce.tests.login.LoginTestScripts@6e171cd7]" started-at="2022-05-31T14:49:19 PDT" name="TC04B_loginFailedError" finished-at="2022-05-31T14:49:22 PDT" duration-ms="2853" status="PASS">
          <reporter-output>
          </reporter-output>
        </test-method> <!-- TC04B_loginFailedError -->
        <test-method is-config="true" signature="tearDown()[pri:0, instance:com.salesforce.tests.login.LoginTestScripts@6e171cd7]" started-at="2022-05-31T14:49:22 PDT" name="tearDown" finished-at="2022-05-31T14:49:27 PDT" duration-ms="5395" status="PASS">
          <reporter-output>
          </reporter-output>
        </test-method> <!-- tearDown -->
        <test-method is-config="true" signature="setUp(java.lang.String)[pri:0, instance:com.salesforce.tests.login.LoginTestScripts@6e171cd7]" started-at="2022-05-31T14:49:27 PDT" name="setUp" finished-at="2022-05-31T14:49:30 PDT" duration-ms="2378" status="PASS">
          <params>
            <param index="0">
              <value>
                <![CDATA[edge]]>
              </value>
            </param>
          </params>
          <reporter-output>
          </reporter-output>
        </test-method> <!-- setUp -->
        <test-method signature="TC05_validateUserMenuDropdown()[pri:5, instance:com.salesforce.tests.login.LoginTestScripts@6e171cd7]" started-at="2022-05-31T14:49:30 PDT" name="TC05_validateUserMenuDropdown" finished-at="2022-05-31T14:49:44 PDT" duration-ms="13704" status="PASS">
          <reporter-output>
          </reporter-output>
        </test-method> <!-- TC05_validateUserMenuDropdown -->
        <test-method is-config="true" signature="tearDown()[pri:0, instance:com.salesforce.tests.login.LoginTestScripts@6e171cd7]" started-at="2022-05-31T14:49:44 PDT" name="tearDown" finished-at="2022-05-31T14:49:49 PDT" duration-ms="5539" status="PASS">
          <reporter-output>
          </reporter-output>
        </test-method> <!-- tearDown -->
        <test-method is-config="true" signature="finalTearDown()[pri:0, instance:com.salesforce.tests.login.LoginTestScripts@6e171cd7]" started-at="2022-05-31T14:49:49 PDT" name="finalTearDown" finished-at="2022-05-31T14:49:49 PDT" duration-ms="0" status="PASS">
          <reporter-output>
          </reporter-output>
        </test-method> <!-- finalTearDown -->
      </class> <!-- com.salesforce.tests.login.LoginTestScripts -->
    </test> <!-- LoginTestOnEdge -->
  </suite> <!-- SalesforceProject -->
</testng-results>
