<?xml version="1.0" encoding="UTF-8"?>
<!-- Generated by org.testng.reporters.JUnitXMLReporter -->
<testsuite ignored="0" hostname="DESKTOP-Q5PKL2R" failures="0" tests="6" name="LoginTestOnEdge" time="88.038" errors="0" timestamp="2022-05-24T22:03:07 PDT">
  <testcase classname="com.salesforce.tests.login.LoginTestScripts" name="TC01_testnoPasswordError" time="2.191"/>
  <testcase classname="com.salesforce.tests.login.LoginTestScripts" name="TC02_validLogin" time="7.893"/>
  <testcase classname="com.salesforce.tests.login.LoginTestScripts" name="TC03_checkRememberMe" time="10.55"/>
  <testcase classname="com.salesforce.tests.login.LoginTestScripts" name="TC04A_forgotPasswordLink" time="1.908"/>
  <testcase classname="com.salesforce.tests.login.LoginTestScripts" name="TC04B_loginFailedError" time="1.827"/>
  <testcase classname="com.salesforce.tests.login.LoginTestScripts" name="TC05_validateUserMenuDropdown" time="8.238"/>
</testsuite> <!-- LoginTestOnEdge -->
