<?xml version="1.0" encoding="UTF-8"?>
<!-- Generated by org.testng.reporters.JUnitXMLReporter -->
<testsuite ignored="0" hostname="DESKTOP-Q5PKL2R" failures="1" tests="6" name="LoginTestOnChrome" time="81.199" errors="0" timestamp="2022-05-18T16:28:47 PDT">
  <testcase classname="com.salesforce.tests.login.LoginTestScripts" name="TC01_testnoPasswordError" time="1.766"/>
  <testcase classname="com.salesforce.tests.login.LoginTestScripts" name="TC02_validLogin" time="9.186"/>
  <testcase classname="com.salesforce.tests.login.LoginTestScripts" name="TC03_checkRememberMe" time="11.511"/>
  <testcase classname="com.salesforce.tests.login.LoginTestScripts" name="TC04A_forgotPasswordLink" time="1.913">
    <failure type="java.lang.NullPointerException" message="Cannot invoke &amp;quot;com.salesforce.pages.login.CheckEmailPage.getPageTitle()&amp;quot; because &amp;quot;com.salesforce.tests.login.LoginTestScripts.objChkEmail&amp;quot; is null">
      <![CDATA[java.lang.NullPointerException: Cannot invoke "com.salesforce.pages.login.CheckEmailPage.getPageTitle()" because "com.salesforce.tests.login.LoginTestScripts.objChkEmail" is null
at com.salesforce.tests.login.LoginTestScripts.TC04A_forgotPasswordLink(LoginTestScripts.java:121)
at java.base/java.util.concurrent.ThreadPoolExecutor.runWorker(ThreadPoolExecutor.java:1136)
at java.base/java.util.concurrent.ThreadPoolExecutor$Worker.run(ThreadPoolExecutor.java:635)
at java.base/java.lang.Thread.run(Thread.java:833)
... Removed 12 stack frames]]>
    </failure>
  </testcase> <!-- TC04A_forgotPasswordLink -->
  <testcase classname="com.salesforce.tests.login.LoginTestScripts" name="TC04B_loginFailedError" time="1.937"/>
  <testcase classname="com.salesforce.tests.login.LoginTestScripts" name="TC05_validateUserMenuDropdown" time="8.08"/>
</testsuite> <!-- LoginTestOnChrome -->
