<?xml version="1.0" encoding="UTF-8"?>
<!-- Generated by org.testng.reporters.JUnitXMLReporter -->
<testsuite ignored="5" hostname="DESKTOP-Q5PKL2R" failures="0" tests="1" name="LoginTest" time="17.023" errors="0" timestamp="2022-05-18T16:06:11 PDT">
  <testcase classname="com.salesforce.tests.login.LoginTestScripts" name="TC05_validateUserMenuDropdown" time="8.508"/>
  <testcase classname="com.salesforce.tests.login.LoginTestScripts" name="TC04B_loginFailedError" time="0.0">
    <ignored/>
  </testcase> <!-- TC04B_loginFailedError -->
  <testcase classname="com.salesforce.tests.login.LoginTestScripts" name="TC03_checkRememberMe" time="0.0">
    <ignored/>
  </testcase> <!-- TC03_checkRememberMe -->
  <testcase classname="com.salesforce.tests.login.LoginTestScripts" name="TC01_testnoPasswordError" time="0.0">
    <ignored/>
  </testcase> <!-- TC01_testnoPasswordError -->
  <testcase classname="com.salesforce.tests.login.LoginTestScripts" name="TC04A_forgotPasswordLink" time="0.0">
    <ignored/>
  </testcase> <!-- TC04A_forgotPasswordLink -->
  <testcase classname="com.salesforce.tests.login.LoginTestScripts" name="TC02_validLogin" time="0.0">
    <ignored/>
  </testcase> <!-- TC02_validLogin -->
</testsuite> <!-- LoginTest -->
