<?xml version="1.0" encoding="UTF-8"?>
<!-- Generated by org.testng.reporters.JUnitXMLReporter -->
<testsuite ignored="0" hostname="DESKTOP-Q5PKL2R" failures="0" tests="6" name="LoginTestOnEdge" time="105.446" errors="0" timestamp="2022-05-31T14:49:49 PDT">
  <testcase classname="com.salesforce.tests.login.LoginTestScripts" name="TC01_testnoPasswordError" time="3.336"/>
  <testcase classname="com.salesforce.tests.login.LoginTestScripts" name="TC02_validLogin" time="13.678"/>
  <testcase classname="com.salesforce.tests.login.LoginTestScripts" name="TC03_checkRememberMe" time="13.774"/>
  <testcase classname="com.salesforce.tests.login.LoginTestScripts" name="TC04A_forgotPasswordLink" time="2.875"/>
  <testcase classname="com.salesforce.tests.login.LoginTestScripts" name="TC04B_loginFailedError" time="2.853"/>
  <testcase classname="com.salesforce.tests.login.LoginTestScripts" name="TC05_validateUserMenuDropdown" time="13.704"/>
</testsuite> <!-- LoginTestOnEdge -->
